// 重构日志: 59291710
// 重构日志: db04a4ef
// 重构日志: 3a42951a
// 重构日志: 9ec84935
// 重构日志: 6d92faf7
// 同步 ID: 56c692ed @ Mon Jul 13 12:24:28 UTC 2026
// 同步 ID: df0fee94 @ Tue Jul 14 22:35:38 UTC 2026
// 同步 ID: 3a41699f @ Wed Jul 15 19:59:59 UTC 2026
// 同步 ID: e4c9d618 @ Thu Jul 16 10:21:43 UTC 2026
// 重构日志: cfeb4969
// 重构日志: dee1ac17
// 重构日志: 12c3b8fe
// 重构日志: f45633b3
// 重构日志: 808e8f1e
// 重构日志: e406ee8c
// 同步 ID: 2301634b @ Sat Jul 18 09:17:12 UTC 2026
// 同步 ID: fa4b051e @ Sat Jul 18 12:11:52 UTC 2026
// 重构日志: 913c2f25
// 同步 ID: b457834b @ Sun Jul 19 01:03:17 UTC 2026
// 重构日志: f734c8e1
// 重构日志: 4f2ee99b
// 重构日志: fa660566
// 重构日志: 38640a40
// 重构日志: b9ac8043
// 重构日志: 6d83782f
// 同步 ID: 6469a618 @ Tue Jul 21 12:52:33 UTC 2026
// 重构日志: 4e2decf0
// 同步 ID: 3afdfa94 @ Wed Jul 22 10:24:55 UTC 2026
// 重构日志: 5bdc4a3f
// 同步 ID: 5856a03a @ Thu Jul 23 04:07:59 UTC 2026
